  Lab7 ex3.cpp
D:\work\Programe facute\OOP\Lab7 ex3\Lab7 ex3\Lab7 ex3.cpp(3,1): error C3857: 'compare_shit': multiple template parameter lists are not allowed
D:\work\Programe facute\OOP\Lab7 ex3\Lab7 ex3\Lab7 ex3.cpp(16,7): error C3646: 'value': unknown override specifier
D:\work\Programe facute\OOP\Lab7 ex3\Lab7 ex3\Lab7 ex3.cpp(16,12): error C4430: missing type specifier - int assumed. Note: C++ does not support default-int
D:\work\Programe facute\OOP\Lab7 ex3\Lab7 ex3\Lab7 ex3.cpp(26,19): error C2061: syntax error: identifier 'T'
D:\work\Programe facute\OOP\Lab7 ex3\Lab7 ex3\Lab7 ex3.cpp(44,20): error C2061: syntax error: identifier 'T'
D:\work\Programe facute\OOP\Lab7 ex3\Lab7 ex3\Lab7 ex3.cpp(72,16): error C2061: syntax error: identifier 'T'
D:\work\Programe facute\OOP\Lab7 ex3\Lab7 ex3\Lab7 ex3.cpp(22,9): error C2065: 'value': undeclared identifier
D:\work\Programe facute\OOP\Lab7 ex3\Lab7 ex3\Lab7 ex3.cpp(28,13): error C2065: 'source': undeclared identifier
D:\work\Programe facute\OOP\Lab7 ex3\Lab7 ex3\Lab7 ex3.cpp(31,34): error C2039: 'value': is not a member of 'Tree'
  D:\work\Programe facute\OOP\Lab7 ex3\Lab7 ex3\Lab7 ex3.cpp(14,7):
  see declaration of 'Tree'
  
D:\work\Programe facute\OOP\Lab7 ex3\Lab7 ex3\Lab7 ex3.cpp(31,42): error C2065: 'value': undeclared identifier
D:\work\Programe facute\OOP\Lab7 ex3\Lab7 ex3\Lab7 ex3.cpp(37,38): error C2065: 'value': undeclared identifier
D:\work\Programe facute\OOP\Lab7 ex3\Lab7 ex3\Lab7 ex3.cpp(37,45): error C2065: 'source': undeclared identifier
D:\work\Programe facute\OOP\Lab7 ex3\Lab7 ex3\Lab7 ex3.cpp(47,19): error C2039: 'value': is not a member of 'Tree'
  D:\work\Programe facute\OOP\Lab7 ex3\Lab7 ex3\Lab7 ex3.cpp(14,7):
  see declaration of 'Tree'
  
D:\work\Programe facute\OOP\Lab7 ex3\Lab7 ex3\Lab7 ex3.cpp(47,28): error C2065: 'value': undeclared identifier
D:\work\Programe facute\OOP\Lab7 ex3\Lab7 ex3\Lab7 ex3.cpp(51,25): error C2660: 'Tree::get_node': function does not take 1 arguments
  D:\work\Programe facute\OOP\Lab7 ex3\Lab7 ex3\Lab7 ex3.cpp(44,11):
  see declaration of 'Tree::get_node'
  D:\work\Programe facute\OOP\Lab7 ex3\Lab7 ex3\Lab7 ex3.cpp(51,25):
  while trying to match the argument list '(Tree *)'
  
D:\work\Programe facute\OOP\Lab7 ex3\Lab7 ex3\Lab7 ex3.cpp(80,9): error C2059: syntax error: '<'
